<?xml version="1.0" encoding="UTF-8"?>
<testsuite name="com.ilcarro.qa.tests.AddCarTests" tests="4" skipped="0" failures="0" errors="0" timestamp="2020-11-05T11:03:33" hostname="DANIEL-PC" time="25.281">
  <properties/>
  <testcase name="testFormLetTheCarWork" classname="com.ilcarro.qa.tests.AddCarTests" time="6.54"/>
  <testcase name="testFormLetTheCarWorkFromCSV[0](Car{serialNumber='23-456-98', brand='Kia', model='Sportage', year='2010', price='220'})" classname="com.ilcarro.qa.tests.AddCarTests" time="6.52"/>
  <testcase name="testFormLetTheCarWorkFromCSV[1](Car{serialNumber='33-333-33', brand='BMW', model='M5', year='2016', price='400'})" classname="com.ilcarro.qa.tests.AddCarTests" time="6.116"/>
  <testcase name="testFormLetTheCarWorkFromCSV[2](Car{serialNumber='44-444-67', brand='Toyota', model='Corolla', year='2018', price='130'})" classname="com.ilcarro.qa.tests.AddCarTests" time="6.097"/>
  <system-out><![CDATA[13:03:33.311 [Test worker] INFO  c.i.q.f.ApplicationManager$MyListener - Start search By.xpath: //a[contains(., 'logOut')]...
13:03:33.330 [Test worker] INFO  c.i.q.f.ApplicationManager$MyListener - By.xpath: //a[contains(., 'logOut')] found.
13:03:33.331 [Test worker] INFO  com.ilcarro.qa.tests.TestBase - Start test testFormLetTheCarWork with data: []
13:03:33.332 [Test worker] INFO  c.i.q.f.ApplicationManager$MyListener - Start search By.cssSelector: .header__nav [href='/car']...
13:03:33.348 [Test worker] INFO  c.i.q.f.ApplicationManager$MyListener - By.cssSelector: .header__nav [href='/car'] found.
13:03:33.419 [Test worker] INFO  c.i.q.f.ApplicationManager$MyListener - Start search By.name: country...
13:03:33.442 [Test worker] INFO  c.i.q.f.ApplicationManager$MyListener - By.name: country found.
13:03:33.484 [Test worker] INFO  c.i.q.f.ApplicationManager$MyListener - Start search By.name: country...
13:03:33.501 [Test worker] INFO  c.i.q.f.ApplicationManager$MyListener - By.name: country found.
13:03:33.534 [Test worker] INFO  c.i.q.f.ApplicationManager$MyListener - Start search By.name: country...
13:03:33.548 [Test worker] INFO  c.i.q.f.ApplicationManager$MyListener - By.name: country found.
13:03:33.641 [Test worker] INFO  c.i.q.f.ApplicationManager$MyListener - Start search By.cssSelector: .address...
13:03:33.665 [Test worker] INFO  c.i.q.f.ApplicationManager$MyListener - By.cssSelector: .address found.
13:03:33.704 [Test worker] INFO  c.i.q.f.ApplicationManager$MyListener - Start search By.cssSelector: .address...
13:03:33.722 [Test worker] INFO  c.i.q.f.ApplicationManager$MyListener - By.cssSelector: .address found.
13:03:33.751 [Test worker] INFO  c.i.q.f.ApplicationManager$MyListener - Start search By.cssSelector: .address...
13:03:33.769 [Test worker] INFO  c.i.q.f.ApplicationManager$MyListener - By.cssSelector: .address found.
13:03:33.870 [Test worker] INFO  c.i.q.f.ApplicationManager$MyListener - Start search By.cssSelector: .distance_included...
13:03:33.885 [Test worker] INFO  c.i.q.f.ApplicationManager$MyListener - By.cssSelector: .distance_included found.
13:03:33.923 [Test worker] INFO  c.i.q.f.ApplicationManager$MyListener - Start search By.cssSelector: .distance_included...
13:03:33.949 [Test worker] INFO  c.i.q.f.ApplicationManager$MyListener - By.cssSelector: .distance_included found.
13:03:33.991 [Test worker] INFO  c.i.q.f.ApplicationManager$MyListener - Start search By.cssSelector: .distance_included...
13:03:34.006 [Test worker] INFO  c.i.q.f.ApplicationManager$MyListener - By.cssSelector: .distance_included found.
13:03:34.117 [Test worker] INFO  c.i.q.f.ApplicationManager$MyListener - Start search By.cssSelector: .serial_number...
13:03:34.136 [Test worker] INFO  c.i.q.f.ApplicationManager$MyListener - By.cssSelector: .serial_number found.
13:03:34.176 [Test worker] INFO  c.i.q.f.ApplicationManager$MyListener - Start search By.cssSelector: .serial_number...
13:03:34.195 [Test worker] INFO  c.i.q.f.ApplicationManager$MyListener - By.cssSelector: .serial_number found.
13:03:34.224 [Test worker] INFO  c.i.q.f.ApplicationManager$MyListener - Start search By.cssSelector: .serial_number...
13:03:34.239 [Test worker] INFO  c.i.q.f.ApplicationManager$MyListener - By.cssSelector: .serial_number found.
13:03:34.340 [Test worker] INFO  c.i.q.f.ApplicationManager$MyListener - Start search By.cssSelector: .brand...
13:03:34.353 [Test worker] INFO  c.i.q.f.ApplicationManager$MyListener - By.cssSelector: .brand found.
13:03:34.393 [Test worker] INFO  c.i.q.f.ApplicationManager$MyListener - Start search By.cssSelector: .brand...
13:03:34.413 [Test worker] INFO  c.i.q.f.ApplicationManager$MyListener - By.cssSelector: .brand found.
13:03:34.441 [Test worker] INFO  c.i.q.f.ApplicationManager$MyListener - Start search By.cssSelector: .brand...
13:03:34.459 [Test worker] INFO  c.i.q.f.ApplicationManager$MyListener - By.cssSelector: .brand found.
13:03:34.534 [Test worker] INFO  c.i.q.f.ApplicationManager$MyListener - Start search By.cssSelector: .model...
13:03:34.553 [Test worker] INFO  c.i.q.f.ApplicationManager$MyListener - By.cssSelector: .model found.
13:03:34.595 [Test worker] INFO  c.i.q.f.ApplicationManager$MyListener - Start search By.cssSelector: .model...
13:03:34.624 [Test worker] INFO  c.i.q.f.ApplicationManager$MyListener - By.cssSelector: .model found.
13:03:34.670 [Test worker] INFO  c.i.q.f.ApplicationManager$MyListener - Start search By.cssSelector: .model...
13:03:34.687 [Test worker] INFO  c.i.q.f.ApplicationManager$MyListener - By.cssSelector: .model found.
13:03:34.758 [Test worker] INFO  c.i.q.f.ApplicationManager$MyListener - Start search By.cssSelector: .year...
13:03:34.784 [Test worker] INFO  c.i.q.f.ApplicationManager$MyListener - By.cssSelector: .year found.
13:03:34.822 [Test worker] INFO  c.i.q.f.ApplicationManager$MyListener - Start search By.cssSelector: .year...
13:03:34.849 [Test worker] INFO  c.i.q.f.ApplicationManager$MyListener - By.cssSelector: .year found.
13:03:34.876 [Test worker] INFO  c.i.q.f.ApplicationManager$MyListener - Start search By.cssSelector: .year...
13:03:34.890 [Test worker] INFO  c.i.q.f.ApplicationManager$MyListener - By.cssSelector: .year found.
13:03:34.990 [Test worker] INFO  c.i.q.f.ApplicationManager$MyListener - Start search By.cssSelector: .engine...
13:03:35.006 [Test worker] INFO  c.i.q.f.ApplicationManager$MyListener - By.cssSelector: .engine found.
13:03:35.049 [Test worker] INFO  c.i.q.f.ApplicationManager$MyListener - Start search By.cssSelector: .engine...
13:03:35.063 [Test worker] INFO  c.i.q.f.ApplicationManager$MyListener - By.cssSelector: .engine found.
13:03:35.093 [Test worker] INFO  c.i.q.f.ApplicationManager$MyListener - Start search By.cssSelector: .engine...
13:03:35.109 [Test worker] INFO  c.i.q.f.ApplicationManager$MyListener - By.cssSelector: .engine found.
13:03:35.164 [Test worker] INFO  c.i.q.f.ApplicationManager$MyListener - Start search By.cssSelector: .fuel_consumption...
13:03:35.197 [Test worker] INFO  c.i.q.f.ApplicationManager$MyListener - By.cssSelector: .fuel_consumption found.
13:03:35.257 [Test worker] INFO  c.i.q.f.ApplicationManager$MyListener - Start search By.cssSelector: .fuel_consumption...
13:03:35.277 [Test worker] INFO  c.i.q.f.ApplicationManager$MyListener - By.cssSelector: .fuel_consumption found.
13:03:35.305 [Test worker] INFO  c.i.q.f.ApplicationManager$MyListener - Start search By.cssSelector: .fuel_consumption...
13:03:35.320 [Test worker] INFO  c.i.q.f.ApplicationManager$MyListener - By.cssSelector: .fuel_consumption found.
13:03:35.383 [Test worker] INFO  c.i.q.f.ApplicationManager$MyListener - Start search By.cssSelector: .fuel...
13:03:35.409 [Test worker] INFO  c.i.q.f.ApplicationManager$MyListener - By.cssSelector: .fuel found.
13:03:35.452 [Test worker] INFO  c.i.q.f.ApplicationManager$MyListener - Start search By.cssSelector: .fuel...
13:03:35.468 [Test worker] INFO  c.i.q.f.ApplicationManager$MyListener - By.cssSelector: .fuel found.
13:03:35.498 [Test worker] INFO  c.i.q.f.ApplicationManager$MyListener - Start search By.cssSelector: .fuel...
13:03:35.517 [Test worker] INFO  c.i.q.f.ApplicationManager$MyListener - By.cssSelector: .fuel found.
13:03:35.587 [Test worker] INFO  c.i.q.f.ApplicationManager$MyListener - Start search By.cssSelector: .transmition...
13:03:35.599 [Test worker] INFO  c.i.q.f.ApplicationManager$MyListener - By.cssSelector: .transmition found.
13:03:35.639 [Test worker] INFO  c.i.q.f.ApplicationManager$MyListener - Start search By.cssSelector: .transmition...
13:03:35.658 [Test worker] INFO  c.i.q.f.ApplicationManager$MyListener - By.cssSelector: .transmition found.
13:03:35.687 [Test worker] INFO  c.i.q.f.ApplicationManager$MyListener - Start search By.cssSelector: .transmition...
13:03:35.705 [Test worker] INFO  c.i.q.f.ApplicationManager$MyListener - By.cssSelector: .transmition found.
13:03:35.808 [Test worker] INFO  c.i.q.f.ApplicationManager$MyListener - Start search By.cssSelector: .wd...
13:03:35.833 [Test worker] INFO  c.i.q.f.ApplicationManager$MyListener - By.cssSelector: .wd found.
13:03:35.874 [Test worker] INFO  c.i.q.f.ApplicationManager$MyListener - Start search By.cssSelector: .wd...
13:03:35.892 [Test worker] INFO  c.i.q.f.ApplicationManager$MyListener - By.cssSelector: .wd found.
13:03:35.922 [Test worker] INFO  c.i.q.f.ApplicationManager$MyListener - Start search By.cssSelector: .wd...
13:03:35.940 [Test worker] INFO  c.i.q.f.ApplicationManager$MyListener - By.cssSelector: .wd found.
13:03:36.004 [Test worker] INFO  c.i.q.f.ApplicationManager$MyListener - Start search By.cssSelector: .horsepower...
13:03:36.022 [Test worker] INFO  c.i.q.f.ApplicationManager$MyListener - By.cssSelector: .horsepower found.
13:03:36.065 [Test worker] INFO  c.i.q.f.ApplicationManager$MyListener - Start search By.cssSelector: .horsepower...
13:03:36.082 [Test worker] INFO  c.i.q.f.ApplicationManager$MyListener - By.cssSelector: .horsepower found.
13:03:36.111 [Test worker] INFO  c.i.q.f.ApplicationManager$MyListener - Start search By.cssSelector: .horsepower...
13:03:36.128 [Test worker] INFO  c.i.q.f.ApplicationManager$MyListener - By.cssSelector: .horsepower found.
13:03:36.192 [Test worker] INFO  c.i.q.f.ApplicationManager$MyListener - Start search By.cssSelector: .torque...
13:03:36.208 [Test worker] INFO  c.i.q.f.ApplicationManager$MyListener - By.cssSelector: .torque found.
13:03:36.249 [Test worker] INFO  c.i.q.f.ApplicationManager$MyListener - Start search By.cssSelector: .torque...
13:03:36.281 [Test worker] INFO  c.i.q.f.ApplicationManager$MyListener - By.cssSelector: .torque found.
13:03:36.328 [Test worker] INFO  c.i.q.f.ApplicationManager$MyListener - Start search By.cssSelector: .torque...
13:03:36.349 [Test worker] INFO  c.i.q.f.ApplicationManager$MyListener - By.cssSelector: .torque found.
13:03:36.430 [Test worker] INFO  c.i.q.f.ApplicationManager$MyListener - Start search By.cssSelector: .doors...
13:03:36.440 [Test worker] INFO  c.i.q.f.ApplicationManager$MyListener - By.cssSelector: .doors found.
13:03:36.482 [Test worker] INFO  c.i.q.f.ApplicationManager$MyListener - Start search By.cssSelector: .doors...
13:03:36.501 [Test worker] INFO  c.i.q.f.ApplicationManager$MyListener - By.cssSelector: .doors found.
13:03:36.528 [Test worker] INFO  c.i.q.f.ApplicationManager$MyListener - Start search By.cssSelector: .doors...
13:03:36.548 [Test worker] INFO  c.i.q.f.ApplicationManager$MyListener - By.cssSelector: .doors found.
13:03:36.597 [Test worker] INFO  c.i.q.f.ApplicationManager$MyListener - Start search By.cssSelector: .seats...
13:03:36.614 [Test worker] INFO  c.i.q.f.ApplicationManager$MyListener - By.cssSelector: .seats found.
13:03:36.657 [Test worker] INFO  c.i.q.f.ApplicationManager$MyListener - Start search By.cssSelector: .seats...
13:03:36.673 [Test worker] INFO  c.i.q.f.ApplicationManager$MyListener - By.cssSelector: .seats found.
13:03:36.702 [Test worker] INFO  c.i.q.f.ApplicationManager$MyListener - Start search By.cssSelector: .seats...
13:03:36.717 [Test worker] INFO  c.i.q.f.ApplicationManager$MyListener - By.cssSelector: .seats found.
13:03:36.776 [Test worker] INFO  c.i.q.f.ApplicationManager$MyListener - Start search By.cssSelector: .class...
13:03:36.801 [Test worker] INFO  c.i.q.f.ApplicationManager$MyListener - By.cssSelector: .class found.
13:03:36.844 [Test worker] INFO  c.i.q.f.ApplicationManager$MyListener - Start search By.cssSelector: .class...
13:03:36.860 [Test worker] INFO  c.i.q.f.ApplicationManager$MyListener - By.cssSelector: .class found.
13:03:36.888 [Test worker] INFO  c.i.q.f.ApplicationManager$MyListener - Start search By.cssSelector: .class...
13:03:36.907 [Test worker] INFO  c.i.q.f.ApplicationManager$MyListener - By.cssSelector: .class found.
13:03:36.961 [Test worker] INFO  c.i.q.f.ApplicationManager$MyListener - Start search By.name: about...
13:03:36.976 [Test worker] INFO  c.i.q.f.ApplicationManager$MyListener - By.name: about found.
13:03:37.010 [Test worker] INFO  c.i.q.f.ApplicationManager$MyListener - Start search By.name: about...
13:03:37.020 [Test worker] INFO  c.i.q.f.ApplicationManager$MyListener - By.name: about found.
13:03:37.046 [Test worker] INFO  c.i.q.f.ApplicationManager$MyListener - Start search By.name: about...
13:03:37.066 [Test worker] INFO  c.i.q.f.ApplicationManager$MyListener - By.name: about found.
13:03:37.183 [Test worker] INFO  c.i.q.f.ApplicationManager$MyListener - Start search By.cssSelector: .type_feature...
13:03:37.198 [Test worker] INFO  c.i.q.f.ApplicationManager$MyListener - By.cssSelector: .type_feature found.
13:03:37.241 [Test worker] INFO  c.i.q.f.ApplicationManager$MyListener - Start search By.cssSelector: .type_feature...
13:03:37.255 [Test worker] INFO  c.i.q.f.ApplicationManager$MyListener - By.cssSelector: .type_feature found.
13:03:37.283 [Test worker] INFO  c.i.q.f.ApplicationManager$MyListener - Start search By.cssSelector: .type_feature...
13:03:37.300 [Test worker] INFO  c.i.q.f.ApplicationManager$MyListener - By.cssSelector: .type_feature found.
13:03:37.562 [Test worker] INFO  c.i.q.f.ApplicationManager$MyListener - Start search By.cssSelector: .price...
13:03:37.579 [Test worker] INFO  c.i.q.f.ApplicationManager$MyListener - By.cssSelector: .price found.
13:03:37.620 [Test worker] INFO  c.i.q.f.ApplicationManager$MyListener - Start search By.cssSelector: .price...
13:03:37.653 [Test worker] INFO  c.i.q.f.ApplicationManager$MyListener - By.cssSelector: .price found.
13:03:37.704 [Test worker] INFO  c.i.q.f.ApplicationManager$MyListener - Start search By.cssSelector: .price...
13:03:37.721 [Test worker] INFO  c.i.q.f.ApplicationManager$MyListener - By.cssSelector: .price found.
13:03:39.784 [Test worker] INFO  c.i.q.f.ApplicationManager$MyListener - Start search By.cssSelector: [type='submit']...
13:03:39.810 [Test worker] INFO  c.i.q.f.ApplicationManager$MyListener - By.cssSelector: [type='submit'] found.
13:03:39.872 [Test worker] INFO  com.ilcarro.qa.tests.TestBase - Passed: Test method testFormLetTheCarWork
13:03:39.872 [Test worker] INFO  com.ilcarro.qa.tests.TestBase - Stop test 
13:03:39.872 [Test worker] INFO  com.ilcarro.qa.tests.TestBase - ===============================================================================================
13:03:39.873 [Test worker] INFO  com.ilcarro.qa.tests.TestBase - Start test testFormLetTheCarWorkFromCSV with data: [Car{serialNumber='23-456-98', brand='Kia', model='Sportage', year='2010', price='220'}]
13:03:39.874 [Test worker] INFO  c.i.q.f.ApplicationManager$MyListener - Start search By.cssSelector: .header__nav [href='/car']...
13:03:39.897 [Test worker] INFO  c.i.q.f.ApplicationManager$MyListener - By.cssSelector: .header__nav [href='/car'] found.
13:03:39.948 [Test worker] INFO  c.i.q.f.ApplicationManager$MyListener - Start search By.name: country...
13:03:39.985 [Test worker] INFO  c.i.q.f.ApplicationManager$MyListener - By.name: country found.
13:03:40.034 [Test worker] INFO  c.i.q.f.ApplicationManager$MyListener - Start search By.name: country...
13:03:40.053 [Test worker] INFO  c.i.q.f.ApplicationManager$MyListener - By.name: country found.
13:03:40.087 [Test worker] INFO  c.i.q.f.ApplicationManager$MyListener - Start search By.name: country...
13:03:40.096 [Test worker] INFO  c.i.q.f.ApplicationManager$MyListener - By.name: country found.
13:03:40.183 [Test worker] INFO  c.i.q.f.ApplicationManager$MyListener - Start search By.cssSelector: .address...
13:03:40.206 [Test worker] INFO  c.i.q.f.ApplicationManager$MyListener - By.cssSelector: .address found.
13:03:40.246 [Test worker] INFO  c.i.q.f.ApplicationManager$MyListener - Start search By.cssSelector: .address...
13:03:40.262 [Test worker] INFO  c.i.q.f.ApplicationManager$MyListener - By.cssSelector: .address found.
13:03:40.293 [Test worker] INFO  c.i.q.f.ApplicationManager$MyListener - Start search By.cssSelector: .address...
13:03:40.308 [Test worker] INFO  c.i.q.f.ApplicationManager$MyListener - By.cssSelector: .address found.
13:03:40.432 [Test worker] INFO  c.i.q.f.ApplicationManager$MyListener - Start search By.cssSelector: .distance_included...
13:03:40.460 [Test worker] INFO  c.i.q.f.ApplicationManager$MyListener - By.cssSelector: .distance_included found.
13:03:40.512 [Test worker] INFO  c.i.q.f.ApplicationManager$MyListener - Start search By.cssSelector: .distance_included...
13:03:40.541 [Test worker] INFO  c.i.q.f.ApplicationManager$MyListener - By.cssSelector: .distance_included found.
13:03:40.580 [Test worker] INFO  c.i.q.f.ApplicationManager$MyListener - Start search By.cssSelector: .distance_included...
13:03:40.593 [Test worker] INFO  c.i.q.f.ApplicationManager$MyListener - By.cssSelector: .distance_included found.
13:03:40.671 [Test worker] INFO  c.i.q.f.ApplicationManager$MyListener - Start search By.cssSelector: .serial_number...
13:03:40.685 [Test worker] INFO  c.i.q.f.ApplicationManager$MyListener - By.cssSelector: .serial_number found.
13:03:40.717 [Test worker] INFO  c.i.q.f.ApplicationManager$MyListener - Start search By.cssSelector: .serial_number...
13:03:40.730 [Test worker] INFO  c.i.q.f.ApplicationManager$MyListener - By.cssSelector: .serial_number found.
13:03:40.755 [Test worker] INFO  c.i.q.f.ApplicationManager$MyListener - Start search By.cssSelector: .serial_number...
13:03:40.778 [Test worker] INFO  c.i.q.f.ApplicationManager$MyListener - By.cssSelector: .serial_number found.
13:03:40.873 [Test worker] INFO  c.i.q.f.ApplicationManager$MyListener - Start search By.cssSelector: .brand...
13:03:40.886 [Test worker] INFO  c.i.q.f.ApplicationManager$MyListener - By.cssSelector: .brand found.
13:03:40.918 [Test worker] INFO  c.i.q.f.ApplicationManager$MyListener - Start search By.cssSelector: .brand...
13:03:40.933 [Test worker] INFO  c.i.q.f.ApplicationManager$MyListener - By.cssSelector: .brand found.
13:03:40.958 [Test worker] INFO  c.i.q.f.ApplicationManager$MyListener - Start search By.cssSelector: .brand...
13:03:40.993 [Test worker] INFO  c.i.q.f.ApplicationManager$MyListener - By.cssSelector: .brand found.
13:03:41.089 [Test worker] INFO  c.i.q.f.ApplicationManager$MyListener - Start search By.cssSelector: .model...
13:03:41.106 [Test worker] INFO  c.i.q.f.ApplicationManager$MyListener - By.cssSelector: .model found.
13:03:41.136 [Test worker] INFO  c.i.q.f.ApplicationManager$MyListener - Start search By.cssSelector: .model...
13:03:41.147 [Test worker] INFO  c.i.q.f.ApplicationManager$MyListener - By.cssSelector: .model found.
13:03:41.173 [Test worker] INFO  c.i.q.f.ApplicationManager$MyListener - Start search By.cssSelector: .model...
13:03:41.194 [Test worker] INFO  c.i.q.f.ApplicationManager$MyListener - By.cssSelector: .model found.
13:03:41.271 [Test worker] INFO  c.i.q.f.ApplicationManager$MyListener - Start search By.cssSelector: .year...
13:03:41.290 [Test worker] INFO  c.i.q.f.ApplicationManager$MyListener - By.cssSelector: .year found.
13:03:41.320 [Test worker] INFO  c.i.q.f.ApplicationManager$MyListener - Start search By.cssSelector: .year...
13:03:41.349 [Test worker] INFO  c.i.q.f.ApplicationManager$MyListener - By.cssSelector: .year found.
13:03:41.404 [Test worker] INFO  c.i.q.f.ApplicationManager$MyListener - Start search By.cssSelector: .year...
13:03:41.425 [Test worker] INFO  c.i.q.f.ApplicationManager$MyListener - By.cssSelector: .year found.
13:03:41.529 [Test worker] INFO  c.i.q.f.ApplicationManager$MyListener - Start search By.cssSelector: .engine...
13:03:41.553 [Test worker] INFO  c.i.q.f.ApplicationManager$MyListener - By.cssSelector: .engine found.
13:03:41.594 [Test worker] INFO  c.i.q.f.ApplicationManager$MyListener - Start search By.cssSelector: .engine...
13:03:41.615 [Test worker] INFO  c.i.q.f.ApplicationManager$MyListener - By.cssSelector: .engine found.
13:03:41.649 [Test worker] INFO  c.i.q.f.ApplicationManager$MyListener - Start search By.cssSelector: .engine...
13:03:41.663 [Test worker] INFO  c.i.q.f.ApplicationManager$MyListener - By.cssSelector: .engine found.
13:03:41.722 [Test worker] INFO  c.i.q.f.ApplicationManager$MyListener - Start search By.cssSelector: .fuel_consumption...
13:03:41.743 [Test worker] INFO  c.i.q.f.ApplicationManager$MyListener - By.cssSelector: .fuel_consumption found.
13:03:41.819 [Test worker] INFO  c.i.q.f.ApplicationManager$MyListener - Start search By.cssSelector: .fuel_consumption...
13:03:41.835 [Test worker] INFO  c.i.q.f.ApplicationManager$MyListener - By.cssSelector: .fuel_consumption found.
13:03:41.868 [Test worker] INFO  c.i.q.f.ApplicationManager$MyListener - Start search By.cssSelector: .fuel_consumption...
13:03:41.883 [Test worker] INFO  c.i.q.f.ApplicationManager$MyListener - By.cssSelector: .fuel_consumption found.
13:03:41.941 [Test worker] INFO  c.i.q.f.ApplicationManager$MyListener - Start search By.cssSelector: .fuel...
13:03:41.962 [Test worker] INFO  c.i.q.f.ApplicationManager$MyListener - By.cssSelector: .fuel found.
13:03:42.020 [Test worker] INFO  c.i.q.f.ApplicationManager$MyListener - Start search By.cssSelector: .fuel...
13:03:42.040 [Test worker] INFO  c.i.q.f.ApplicationManager$MyListener - By.cssSelector: .fuel found.
13:03:42.071 [Test worker] INFO  c.i.q.f.ApplicationManager$MyListener - Start search By.cssSelector: .fuel...
13:03:42.087 [Test worker] INFO  c.i.q.f.ApplicationManager$MyListener - By.cssSelector: .fuel found.
13:03:42.187 [Test worker] INFO  c.i.q.f.ApplicationManager$MyListener - Start search By.cssSelector: .transmition...
13:03:42.211 [Test worker] INFO  c.i.q.f.ApplicationManager$MyListener - By.cssSelector: .transmition found.
13:03:42.254 [Test worker] INFO  c.i.q.f.ApplicationManager$MyListener - Start search By.cssSelector: .transmition...
13:03:42.271 [Test worker] INFO  c.i.q.f.ApplicationManager$MyListener - By.cssSelector: .transmition found.
13:03:42.307 [Test worker] INFO  c.i.q.f.ApplicationManager$MyListener - Start search By.cssSelector: .transmition...
13:03:42.319 [Test worker] INFO  c.i.q.f.ApplicationManager$MyListener - By.cssSelector: .transmition found.
13:03:42.418 [Test worker] INFO  c.i.q.f.ApplicationManager$MyListener - Start search By.cssSelector: .wd...
13:03:42.452 [Test worker] INFO  c.i.q.f.ApplicationManager$MyListener - By.cssSelector: .wd found.
13:03:42.543 [Test worker] INFO  c.i.q.f.ApplicationManager$MyListener - Start search By.cssSelector: .wd...
13:03:42.559 [Test worker] INFO  c.i.q.f.ApplicationManager$MyListener - By.cssSelector: .wd found.
13:03:42.582 [Test worker] INFO  c.i.q.f.ApplicationManager$MyListener - Start search By.cssSelector: .wd...
13:03:42.599 [Test worker] INFO  c.i.q.f.ApplicationManager$MyListener - By.cssSelector: .wd found.
13:03:42.653 [Test worker] INFO  c.i.q.f.ApplicationManager$MyListener - Start search By.cssSelector: .horsepower...
13:03:42.685 [Test worker] INFO  c.i.q.f.ApplicationManager$MyListener - By.cssSelector: .horsepower found.
13:03:42.758 [Test worker] INFO  c.i.q.f.ApplicationManager$MyListener - Start search By.cssSelector: .horsepower...
13:03:42.772 [Test worker] INFO  c.i.q.f.ApplicationManager$MyListener - By.cssSelector: .horsepower found.
13:03:42.799 [Test worker] INFO  c.i.q.f.ApplicationManager$MyListener - Start search By.cssSelector: .horsepower...
13:03:42.830 [Test worker] INFO  c.i.q.f.ApplicationManager$MyListener - By.cssSelector: .horsepower found.
13:03:42.913 [Test worker] INFO  c.i.q.f.ApplicationManager$MyListener - Start search By.cssSelector: .torque...
13:03:42.929 [Test worker] INFO  c.i.q.f.ApplicationManager$MyListener - By.cssSelector: .torque found.
13:03:42.963 [Test worker] INFO  c.i.q.f.ApplicationManager$MyListener - Start search By.cssSelector: .torque...
13:03:42.976 [Test worker] INFO  c.i.q.f.ApplicationManager$MyListener - By.cssSelector: .torque found.
13:03:43.002 [Test worker] INFO  c.i.q.f.ApplicationManager$MyListener - Start search By.cssSelector: .torque...
13:03:43.035 [Test worker] INFO  c.i.q.f.ApplicationManager$MyListener - By.cssSelector: .torque found.
13:03:43.148 [Test worker] INFO  c.i.q.f.ApplicationManager$MyListener - Start search By.cssSelector: .doors...
13:03:43.167 [Test worker] INFO  c.i.q.f.ApplicationManager$MyListener - By.cssSelector: .doors found.
13:03:43.205 [Test worker] INFO  c.i.q.f.ApplicationManager$MyListener - Start search By.cssSelector: .doors...
13:03:43.227 [Test worker] INFO  c.i.q.f.ApplicationManager$MyListener - By.cssSelector: .doors found.
13:03:43.255 [Test worker] INFO  c.i.q.f.ApplicationManager$MyListener - Start search By.cssSelector: .doors...
13:03:43.274 [Test worker] INFO  c.i.q.f.ApplicationManager$MyListener - By.cssSelector: .doors found.
13:03:43.318 [Test worker] INFO  c.i.q.f.ApplicationManager$MyListener - Start search By.cssSelector: .seats...
13:03:43.335 [Test worker] INFO  c.i.q.f.ApplicationManager$MyListener - By.cssSelector: .seats found.
13:03:43.370 [Test worker] INFO  c.i.q.f.ApplicationManager$MyListener - Start search By.cssSelector: .seats...
13:03:43.382 [Test worker] INFO  c.i.q.f.ApplicationManager$MyListener - By.cssSelector: .seats found.
13:03:43.408 [Test worker] INFO  c.i.q.f.ApplicationManager$MyListener - Start search By.cssSelector: .seats...
13:03:43.429 [Test worker] INFO  c.i.q.f.ApplicationManager$MyListener - By.cssSelector: .seats found.
13:03:43.475 [Test worker] INFO  c.i.q.f.ApplicationManager$MyListener - Start search By.cssSelector: .class...
13:03:43.491 [Test worker] INFO  c.i.q.f.ApplicationManager$MyListener - By.cssSelector: .class found.
13:03:43.522 [Test worker] INFO  c.i.q.f.ApplicationManager$MyListener - Start search By.cssSelector: .class...
13:03:43.538 [Test worker] INFO  c.i.q.f.ApplicationManager$MyListener - By.cssSelector: .class found.
13:03:43.570 [Test worker] INFO  c.i.q.f.ApplicationManager$MyListener - Start search By.cssSelector: .class...
13:03:43.584 [Test worker] INFO  c.i.q.f.ApplicationManager$MyListener - By.cssSelector: .class found.
13:03:43.635 [Test worker] INFO  c.i.q.f.ApplicationManager$MyListener - Start search By.name: about...
13:03:43.647 [Test worker] INFO  c.i.q.f.ApplicationManager$MyListener - By.name: about found.
13:03:43.688 [Test worker] INFO  c.i.q.f.ApplicationManager$MyListener - Start search By.name: about...
13:03:43.708 [Test worker] INFO  c.i.q.f.ApplicationManager$MyListener - By.name: about found.
13:03:43.736 [Test worker] INFO  c.i.q.f.ApplicationManager$MyListener - Start search By.name: about...
13:03:43.755 [Test worker] INFO  c.i.q.f.ApplicationManager$MyListener - By.name: about found.
13:03:43.861 [Test worker] INFO  c.i.q.f.ApplicationManager$MyListener - Start search By.cssSelector: .type_feature...
13:03:43.885 [Test worker] INFO  c.i.q.f.ApplicationManager$MyListener - By.cssSelector: .type_feature found.
13:03:43.917 [Test worker] INFO  c.i.q.f.ApplicationManager$MyListener - Start search By.cssSelector: .type_feature...
13:03:43.926 [Test worker] INFO  c.i.q.f.ApplicationManager$MyListener - By.cssSelector: .type_feature found.
13:03:43.955 [Test worker] INFO  c.i.q.f.ApplicationManager$MyListener - Start search By.cssSelector: .type_feature...
13:03:43.974 [Test worker] INFO  c.i.q.f.ApplicationManager$MyListener - By.cssSelector: .type_feature found.
13:03:44.081 [Test worker] INFO  c.i.q.f.ApplicationManager$MyListener - Start search By.cssSelector: .price...
13:03:44.102 [Test worker] INFO  c.i.q.f.ApplicationManager$MyListener - By.cssSelector: .price found.
13:03:44.137 [Test worker] INFO  c.i.q.f.ApplicationManager$MyListener - Start search By.cssSelector: .price...
13:03:44.146 [Test worker] INFO  c.i.q.f.ApplicationManager$MyListener - By.cssSelector: .price found.
13:03:44.186 [Test worker] INFO  c.i.q.f.ApplicationManager$MyListener - Start search By.cssSelector: .price...
13:03:44.194 [Test worker] INFO  c.i.q.f.ApplicationManager$MyListener - By.cssSelector: .price found.
13:03:46.287 [Test worker] INFO  c.i.q.f.ApplicationManager$MyListener - Start search By.cssSelector: [type='submit']...
13:03:46.323 [Test worker] INFO  c.i.q.f.ApplicationManager$MyListener - By.cssSelector: [type='submit'] found.
13:03:46.393 [Test worker] INFO  com.ilcarro.qa.tests.TestBase - Passed: Test method testFormLetTheCarWorkFromCSV
13:03:46.393 [Test worker] INFO  com.ilcarro.qa.tests.TestBase - Stop test 
13:03:46.393 [Test worker] INFO  com.ilcarro.qa.tests.TestBase - ===============================================================================================
13:03:46.398 [Test worker] INFO  com.ilcarro.qa.tests.TestBase - Start test testFormLetTheCarWorkFromCSV with data: [Car{serialNumber='33-333-33', brand='BMW', model='M5', year='2016', price='400'}]
13:03:46.398 [Test worker] INFO  c.i.q.f.ApplicationManager$MyListener - Start search By.cssSelector: .header__nav [href='/car']...
13:03:46.415 [Test worker] INFO  c.i.q.f.ApplicationManager$MyListener - By.cssSelector: .header__nav [href='/car'] found.
13:03:46.448 [Test worker] INFO  c.i.q.f.ApplicationManager$MyListener - Start search By.name: country...
13:03:46.459 [Test worker] INFO  c.i.q.f.ApplicationManager$MyListener - By.name: country found.
13:03:46.511 [Test worker] INFO  c.i.q.f.ApplicationManager$MyListener - Start search By.name: country...
13:03:46.523 [Test worker] INFO  c.i.q.f.ApplicationManager$MyListener - By.name: country found.
13:03:46.549 [Test worker] INFO  c.i.q.f.ApplicationManager$MyListener - Start search By.name: country...
13:03:46.569 [Test worker] INFO  c.i.q.f.ApplicationManager$MyListener - By.name: country found.
13:03:46.641 [Test worker] INFO  c.i.q.f.ApplicationManager$MyListener - Start search By.cssSelector: .address...
13:03:46.662 [Test worker] INFO  c.i.q.f.ApplicationManager$MyListener - By.cssSelector: .address found.
13:03:46.693 [Test worker] INFO  c.i.q.f.ApplicationManager$MyListener - Start search By.cssSelector: .address...
13:03:46.707 [Test worker] INFO  c.i.q.f.ApplicationManager$MyListener - By.cssSelector: .address found.
13:03:46.734 [Test worker] INFO  c.i.q.f.ApplicationManager$MyListener - Start search By.cssSelector: .address...
13:03:46.754 [Test worker] INFO  c.i.q.f.ApplicationManager$MyListener - By.cssSelector: .address found.
13:03:46.873 [Test worker] INFO  c.i.q.f.ApplicationManager$MyListener - Start search By.cssSelector: .distance_included...
13:03:46.893 [Test worker] INFO  c.i.q.f.ApplicationManager$MyListener - By.cssSelector: .distance_included found.
13:03:46.924 [Test worker] INFO  c.i.q.f.ApplicationManager$MyListener - Start search By.cssSelector: .distance_included...
13:03:46.939 [Test worker] INFO  c.i.q.f.ApplicationManager$MyListener - By.cssSelector: .distance_included found.
13:03:46.999 [Test worker] INFO  c.i.q.f.ApplicationManager$MyListener - Start search By.cssSelector: .distance_included...
13:03:47.023 [Test worker] INFO  c.i.q.f.ApplicationManager$MyListener - By.cssSelector: .distance_included found.
13:03:47.088 [Test worker] INFO  c.i.q.f.ApplicationManager$MyListener - Start search By.cssSelector: .serial_number...
13:03:47.106 [Test worker] INFO  c.i.q.f.ApplicationManager$MyListener - By.cssSelector: .serial_number found.
13:03:47.135 [Test worker] INFO  c.i.q.f.ApplicationManager$MyListener - Start search By.cssSelector: .serial_number...
13:03:47.147 [Test worker] INFO  c.i.q.f.ApplicationManager$MyListener - By.cssSelector: .serial_number found.
13:03:47.172 [Test worker] INFO  c.i.q.f.ApplicationManager$MyListener - Start search By.cssSelector: .serial_number...
13:03:47.193 [Test worker] INFO  c.i.q.f.ApplicationManager$MyListener - By.cssSelector: .serial_number found.
13:03:47.274 [Test worker] INFO  c.i.q.f.ApplicationManager$MyListener - Start search By.cssSelector: .brand...
13:03:47.288 [Test worker] INFO  c.i.q.f.ApplicationManager$MyListener - By.cssSelector: .brand found.
13:03:47.320 [Test worker] INFO  c.i.q.f.ApplicationManager$MyListener - Start search By.cssSelector: .brand...
13:03:47.344 [Test worker] INFO  c.i.q.f.ApplicationManager$MyListener - By.cssSelector: .brand found.
13:03:47.382 [Test worker] INFO  c.i.q.f.ApplicationManager$MyListener - Start search By.cssSelector: .brand...
13:03:47.399 [Test worker] INFO  c.i.q.f.ApplicationManager$MyListener - By.cssSelector: .brand found.
13:03:47.456 [Test worker] INFO  c.i.q.f.ApplicationManager$MyListener - Start search By.cssSelector: .model...
13:03:47.477 [Test worker] INFO  c.i.q.f.ApplicationManager$MyListener - By.cssSelector: .model found.
13:03:47.510 [Test worker] INFO  c.i.q.f.ApplicationManager$MyListener - Start search By.cssSelector: .model...
13:03:47.525 [Test worker] INFO  c.i.q.f.ApplicationManager$MyListener - By.cssSelector: .model found.
13:03:47.551 [Test worker] INFO  c.i.q.f.ApplicationManager$MyListener - Start search By.cssSelector: .model...
13:03:47.571 [Test worker] INFO  c.i.q.f.ApplicationManager$MyListener - By.cssSelector: .model found.
13:03:47.619 [Test worker] INFO  c.i.q.f.ApplicationManager$MyListener - Start search By.cssSelector: .year...
13:03:47.635 [Test worker] INFO  c.i.q.f.ApplicationManager$MyListener - By.cssSelector: .year found.
13:03:47.668 [Test worker] INFO  c.i.q.f.ApplicationManager$MyListener - Start search By.cssSelector: .year...
13:03:47.681 [Test worker] INFO  c.i.q.f.ApplicationManager$MyListener - By.cssSelector: .year found.
13:03:47.707 [Test worker] INFO  c.i.q.f.ApplicationManager$MyListener - Start search By.cssSelector: .year...
13:03:47.727 [Test worker] INFO  c.i.q.f.ApplicationManager$MyListener - By.cssSelector: .year found.
13:03:47.817 [Test worker] INFO  c.i.q.f.ApplicationManager$MyListener - Start search By.cssSelector: .engine...
13:03:47.845 [Test worker] INFO  c.i.q.f.ApplicationManager$MyListener - By.cssSelector: .engine found.
13:03:47.931 [Test worker] INFO  c.i.q.f.ApplicationManager$MyListener - Start search By.cssSelector: .engine...
13:03:47.958 [Test worker] INFO  c.i.q.f.ApplicationManager$MyListener - By.cssSelector: .engine found.
13:03:47.994 [Test worker] INFO  c.i.q.f.ApplicationManager$MyListener - Start search By.cssSelector: .engine...
13:03:48.014 [Test worker] INFO  c.i.q.f.ApplicationManager$MyListener - By.cssSelector: .engine found.
13:03:48.070 [Test worker] INFO  c.i.q.f.ApplicationManager$MyListener - Start search By.cssSelector: .fuel_consumption...
13:03:48.091 [Test worker] INFO  c.i.q.f.ApplicationManager$MyListener - By.cssSelector: .fuel_consumption found.
13:03:48.123 [Test worker] INFO  c.i.q.f.ApplicationManager$MyListener - Start search By.cssSelector: .fuel_consumption...
13:03:48.150 [Test worker] INFO  c.i.q.f.ApplicationManager$MyListener - By.cssSelector: .fuel_consumption found.
13:03:48.201 [Test worker] INFO  c.i.q.f.ApplicationManager$MyListener - Start search By.cssSelector: .fuel_consumption...
13:03:48.218 [Test worker] INFO  c.i.q.f.ApplicationManager$MyListener - By.cssSelector: .fuel_consumption found.
13:03:48.288 [Test worker] INFO  c.i.q.f.ApplicationManager$MyListener - Start search By.cssSelector: .fuel...
13:03:48.317 [Test worker] INFO  c.i.q.f.ApplicationManager$MyListener - By.cssSelector: .fuel found.
13:03:48.372 [Test worker] INFO  c.i.q.f.ApplicationManager$MyListener - Start search By.cssSelector: .fuel...
13:03:48.392 [Test worker] INFO  c.i.q.f.ApplicationManager$MyListener - By.cssSelector: .fuel found.
13:03:48.425 [Test worker] INFO  c.i.q.f.ApplicationManager$MyListener - Start search By.cssSelector: .fuel...
13:03:48.438 [Test worker] INFO  c.i.q.f.ApplicationManager$MyListener - By.cssSelector: .fuel found.
13:03:48.521 [Test worker] INFO  c.i.q.f.ApplicationManager$MyListener - Start search By.cssSelector: .transmition...
13:03:48.530 [Test worker] INFO  c.i.q.f.ApplicationManager$MyListener - By.cssSelector: .transmition found.
13:03:48.568 [Test worker] INFO  c.i.q.f.ApplicationManager$MyListener - Start search By.cssSelector: .transmition...
13:03:48.578 [Test worker] INFO  c.i.q.f.ApplicationManager$MyListener - By.cssSelector: .transmition found.
13:03:48.606 [Test worker] INFO  c.i.q.f.ApplicationManager$MyListener - Start search By.cssSelector: .transmition...
13:03:48.626 [Test worker] INFO  c.i.q.f.ApplicationManager$MyListener - By.cssSelector: .transmition found.
13:03:48.721 [Test worker] INFO  c.i.q.f.ApplicationManager$MyListener - Start search By.cssSelector: .wd...
13:03:48.735 [Test worker] INFO  c.i.q.f.ApplicationManager$MyListener - By.cssSelector: .wd found.
13:03:48.772 [Test worker] INFO  c.i.q.f.ApplicationManager$MyListener - Start search By.cssSelector: .wd...
13:03:48.781 [Test worker] INFO  c.i.q.f.ApplicationManager$MyListener - By.cssSelector: .wd found.
13:03:48.810 [Test worker] INFO  c.i.q.f.ApplicationManager$MyListener - Start search By.cssSelector: .wd...
13:03:48.832 [Test worker] INFO  c.i.q.f.ApplicationManager$MyListener - By.cssSelector: .wd found.
13:03:48.890 [Test worker] INFO  c.i.q.f.ApplicationManager$MyListener - Start search By.cssSelector: .horsepower...
13:03:48.904 [Test worker] INFO  c.i.q.f.ApplicationManager$MyListener - By.cssSelector: .horsepower found.
13:03:48.936 [Test worker] INFO  c.i.q.f.ApplicationManager$MyListener - Start search By.cssSelector: .horsepower...
13:03:48.952 [Test worker] INFO  c.i.q.f.ApplicationManager$MyListener - By.cssSelector: .horsepower found.
13:03:48.977 [Test worker] INFO  c.i.q.f.ApplicationManager$MyListener - Start search By.cssSelector: .horsepower...
13:03:48.998 [Test worker] INFO  c.i.q.f.ApplicationManager$MyListener - By.cssSelector: .horsepower found.
13:03:49.070 [Test worker] INFO  c.i.q.f.ApplicationManager$MyListener - Start search By.cssSelector: .torque...
13:03:49.091 [Test worker] INFO  c.i.q.f.ApplicationManager$MyListener - By.cssSelector: .torque found.
13:03:49.121 [Test worker] INFO  c.i.q.f.ApplicationManager$MyListener - Start search By.cssSelector: .torque...
13:03:49.136 [Test worker] INFO  c.i.q.f.ApplicationManager$MyListener - By.cssSelector: .torque found.
13:03:49.161 [Test worker] INFO  c.i.q.f.ApplicationManager$MyListener - Start search By.cssSelector: .torque...
13:03:49.194 [Test worker] INFO  c.i.q.f.ApplicationManager$MyListener - By.cssSelector: .torque found.
13:03:49.299 [Test worker] INFO  c.i.q.f.ApplicationManager$MyListener - Start search By.cssSelector: .doors...
13:03:49.308 [Test worker] INFO  c.i.q.f.ApplicationManager$MyListener - By.cssSelector: .doors found.
13:03:49.341 [Test worker] INFO  c.i.q.f.ApplicationManager$MyListener - Start search By.cssSelector: .doors...
13:03:49.356 [Test worker] INFO  c.i.q.f.ApplicationManager$MyListener - By.cssSelector: .doors found.
13:03:49.382 [Test worker] INFO  c.i.q.f.ApplicationManager$MyListener - Start search By.cssSelector: .doors...
13:03:49.404 [Test worker] INFO  c.i.q.f.ApplicationManager$MyListener - By.cssSelector: .doors found.
13:03:49.453 [Test worker] INFO  c.i.q.f.ApplicationManager$MyListener - Start search By.cssSelector: .seats...
13:03:49.475 [Test worker] INFO  c.i.q.f.ApplicationManager$MyListener - By.cssSelector: .seats found.
13:03:49.537 [Test worker] INFO  c.i.q.f.ApplicationManager$MyListener - Start search By.cssSelector: .seats...
13:03:49.572 [Test worker] INFO  c.i.q.f.ApplicationManager$MyListener - By.cssSelector: .seats found.
13:03:49.612 [Test worker] INFO  c.i.q.f.ApplicationManager$MyListener - Start search By.cssSelector: .seats...
13:03:49.627 [Test worker] INFO  c.i.q.f.ApplicationManager$MyListener - By.cssSelector: .seats found.
13:03:49.670 [Test worker] INFO  c.i.q.f.ApplicationManager$MyListener - Start search By.cssSelector: .class...
13:03:49.685 [Test worker] INFO  c.i.q.f.ApplicationManager$MyListener - By.cssSelector: .class found.
13:03:49.718 [Test worker] INFO  c.i.q.f.ApplicationManager$MyListener - Start search By.cssSelector: .class...
13:03:49.744 [Test worker] INFO  c.i.q.f.ApplicationManager$MyListener - By.cssSelector: .class found.
13:03:49.778 [Test worker] INFO  c.i.q.f.ApplicationManager$MyListener - Start search By.cssSelector: .class...
13:03:49.794 [Test worker] INFO  c.i.q.f.ApplicationManager$MyListener - By.cssSelector: .class found.
13:03:49.839 [Test worker] INFO  c.i.q.f.ApplicationManager$MyListener - Start search By.name: about...
13:03:49.861 [Test worker] INFO  c.i.q.f.ApplicationManager$MyListener - By.name: about found.
13:03:49.892 [Test worker] INFO  c.i.q.f.ApplicationManager$MyListener - Start search By.name: about...
13:03:49.906 [Test worker] INFO  c.i.q.f.ApplicationManager$MyListener - By.name: about found.
13:03:49.930 [Test worker] INFO  c.i.q.f.ApplicationManager$MyListener - Start search By.name: about...
13:03:49.952 [Test worker] INFO  c.i.q.f.ApplicationManager$MyListener - By.name: about found.
13:03:50.050 [Test worker] INFO  c.i.q.f.ApplicationManager$MyListener - Start search By.cssSelector: .type_feature...
13:03:50.070 [Test worker] INFO  c.i.q.f.ApplicationManager$MyListener - By.cssSelector: .type_feature found.
13:03:50.100 [Test worker] INFO  c.i.q.f.ApplicationManager$MyListener - Start search By.cssSelector: .type_feature...
13:03:50.109 [Test worker] INFO  c.i.q.f.ApplicationManager$MyListener - By.cssSelector: .type_feature found.
13:03:50.136 [Test worker] INFO  c.i.q.f.ApplicationManager$MyListener - Start search By.cssSelector: .type_feature...
13:03:50.152 [Test worker] INFO  c.i.q.f.ApplicationManager$MyListener - By.cssSelector: .type_feature found.
13:03:50.258 [Test worker] INFO  c.i.q.f.ApplicationManager$MyListener - Start search By.cssSelector: .price...
13:03:50.280 [Test worker] INFO  c.i.q.f.ApplicationManager$MyListener - By.cssSelector: .price found.
13:03:50.319 [Test worker] INFO  c.i.q.f.ApplicationManager$MyListener - Start search By.cssSelector: .price...
13:03:50.340 [Test worker] INFO  c.i.q.f.ApplicationManager$MyListener - By.cssSelector: .price found.
13:03:50.365 [Test worker] INFO  c.i.q.f.ApplicationManager$MyListener - Start search By.cssSelector: .price...
13:03:50.387 [Test worker] INFO  c.i.q.f.ApplicationManager$MyListener - By.cssSelector: .price found.
13:03:52.449 [Test worker] INFO  c.i.q.f.ApplicationManager$MyListener - Start search By.cssSelector: [type='submit']...
13:03:52.476 [Test worker] INFO  c.i.q.f.ApplicationManager$MyListener - By.cssSelector: [type='submit'] found.
13:03:52.515 [Test worker] INFO  com.ilcarro.qa.tests.TestBase - Passed: Test method testFormLetTheCarWorkFromCSV
13:03:52.515 [Test worker] INFO  com.ilcarro.qa.tests.TestBase - Stop test 
13:03:52.515 [Test worker] INFO  com.ilcarro.qa.tests.TestBase - ===============================================================================================
13:03:52.515 [Test worker] INFO  com.ilcarro.qa.tests.TestBase - Start test testFormLetTheCarWorkFromCSV with data: [Car{serialNumber='44-444-67', brand='Toyota', model='Corolla', year='2018', price='130'}]
13:03:52.515 [Test worker] INFO  c.i.q.f.ApplicationManager$MyListener - Start search By.cssSelector: .header__nav [href='/car']...
13:03:52.548 [Test worker] INFO  c.i.q.f.ApplicationManager$MyListener - By.cssSelector: .header__nav [href='/car'] found.
13:03:52.597 [Test worker] INFO  c.i.q.f.ApplicationManager$MyListener - Start search By.name: country...
13:03:52.611 [Test worker] INFO  c.i.q.f.ApplicationManager$MyListener - By.name: country found.
13:03:52.645 [Test worker] INFO  c.i.q.f.ApplicationManager$MyListener - Start search By.name: country...
13:03:52.659 [Test worker] INFO  c.i.q.f.ApplicationManager$MyListener - By.name: country found.
13:03:52.684 [Test worker] INFO  c.i.q.f.ApplicationManager$MyListener - Start search By.name: country...
13:03:52.708 [Test worker] INFO  c.i.q.f.ApplicationManager$MyListener - By.name: country found.
13:03:52.774 [Test worker] INFO  c.i.q.f.ApplicationManager$MyListener - Start search By.cssSelector: .address...
13:03:52.793 [Test worker] INFO  c.i.q.f.ApplicationManager$MyListener - By.cssSelector: .address found.
13:03:52.820 [Test worker] INFO  c.i.q.f.ApplicationManager$MyListener - Start search By.cssSelector: .address...
13:03:52.838 [Test worker] INFO  c.i.q.f.ApplicationManager$MyListener - By.cssSelector: .address found.
13:03:52.865 [Test worker] INFO  c.i.q.f.ApplicationManager$MyListener - Start search By.cssSelector: .address...
13:03:52.879 [Test worker] INFO  c.i.q.f.ApplicationManager$MyListener - By.cssSelector: .address found.
13:03:53.033 [Test worker] INFO  c.i.q.f.ApplicationManager$MyListener - Start search By.cssSelector: .distance_included...
13:03:53.054 [Test worker] INFO  c.i.q.f.ApplicationManager$MyListener - By.cssSelector: .distance_included found.
13:03:53.085 [Test worker] INFO  c.i.q.f.ApplicationManager$MyListener - Start search By.cssSelector: .distance_included...
13:03:53.098 [Test worker] INFO  c.i.q.f.ApplicationManager$MyListener - By.cssSelector: .distance_included found.
13:03:53.124 [Test worker] INFO  c.i.q.f.ApplicationManager$MyListener - Start search By.cssSelector: .distance_included...
13:03:53.131 [Test worker] INFO  c.i.q.f.ApplicationManager$MyListener - By.cssSelector: .distance_included found.
13:03:53.231 [Test worker] INFO  c.i.q.f.ApplicationManager$MyListener - Start search By.cssSelector: .serial_number...
13:03:53.240 [Test worker] INFO  c.i.q.f.ApplicationManager$MyListener - By.cssSelector: .serial_number found.
13:03:53.274 [Test worker] INFO  c.i.q.f.ApplicationManager$MyListener - Start search By.cssSelector: .serial_number...
13:03:53.289 [Test worker] INFO  c.i.q.f.ApplicationManager$MyListener - By.cssSelector: .serial_number found.
13:03:53.348 [Test worker] INFO  c.i.q.f.ApplicationManager$MyListener - Start search By.cssSelector: .serial_number...
13:03:53.379 [Test worker] INFO  c.i.q.f.ApplicationManager$MyListener - By.cssSelector: .serial_number found.
13:03:53.531 [Test worker] INFO  c.i.q.f.ApplicationManager$MyListener - Start search By.cssSelector: .brand...
13:03:53.550 [Test worker] INFO  c.i.q.f.ApplicationManager$MyListener - By.cssSelector: .brand found.
13:03:53.580 [Test worker] INFO  c.i.q.f.ApplicationManager$MyListener - Start search By.cssSelector: .brand...
13:03:53.596 [Test worker] INFO  c.i.q.f.ApplicationManager$MyListener - By.cssSelector: .brand found.
13:03:53.624 [Test worker] INFO  c.i.q.f.ApplicationManager$MyListener - Start search By.cssSelector: .brand...
13:03:53.643 [Test worker] INFO  c.i.q.f.ApplicationManager$MyListener - By.cssSelector: .brand found.
13:03:53.709 [Test worker] INFO  c.i.q.f.ApplicationManager$MyListener - Start search By.cssSelector: .model...
13:03:53.726 [Test worker] INFO  c.i.q.f.ApplicationManager$MyListener - By.cssSelector: .model found.
13:03:53.756 [Test worker] INFO  c.i.q.f.ApplicationManager$MyListener - Start search By.cssSelector: .model...
13:03:53.772 [Test worker] INFO  c.i.q.f.ApplicationManager$MyListener - By.cssSelector: .model found.
13:03:53.798 [Test worker] INFO  c.i.q.f.ApplicationManager$MyListener - Start search By.cssSelector: .model...
13:03:53.819 [Test worker] INFO  c.i.q.f.ApplicationManager$MyListener - By.cssSelector: .model found.
13:03:53.893 [Test worker] INFO  c.i.q.f.ApplicationManager$MyListener - Start search By.cssSelector: .year...
13:03:53.914 [Test worker] INFO  c.i.q.f.ApplicationManager$MyListener - By.cssSelector: .year found.
13:03:53.946 [Test worker] INFO  c.i.q.f.ApplicationManager$MyListener - Start search By.cssSelector: .year...
13:03:53.964 [Test worker] INFO  c.i.q.f.ApplicationManager$MyListener - By.cssSelector: .year found.
13:03:53.989 [Test worker] INFO  c.i.q.f.ApplicationManager$MyListener - Start search By.cssSelector: .year...
13:03:54.011 [Test worker] INFO  c.i.q.f.ApplicationManager$MyListener - By.cssSelector: .year found.
13:03:54.090 [Test worker] INFO  c.i.q.f.ApplicationManager$MyListener - Start search By.cssSelector: .engine...
13:03:54.109 [Test worker] INFO  c.i.q.f.ApplicationManager$MyListener - By.cssSelector: .engine found.
13:03:54.142 [Test worker] INFO  c.i.q.f.ApplicationManager$MyListener - Start search By.cssSelector: .engine...
13:03:54.155 [Test worker] INFO  c.i.q.f.ApplicationManager$MyListener - By.cssSelector: .engine found.
13:03:54.181 [Test worker] INFO  c.i.q.f.ApplicationManager$MyListener - Start search By.cssSelector: .engine...
13:03:54.202 [Test worker] INFO  c.i.q.f.ApplicationManager$MyListener - By.cssSelector: .engine found.
13:03:54.257 [Test worker] INFO  c.i.q.f.ApplicationManager$MyListener - Start search By.cssSelector: .fuel_consumption...
13:03:54.279 [Test worker] INFO  c.i.q.f.ApplicationManager$MyListener - By.cssSelector: .fuel_consumption found.
13:03:54.311 [Test worker] INFO  c.i.q.f.ApplicationManager$MyListener - Start search By.cssSelector: .fuel_consumption...
13:03:54.325 [Test worker] INFO  c.i.q.f.ApplicationManager$MyListener - By.cssSelector: .fuel_consumption found.
13:03:54.353 [Test worker] INFO  c.i.q.f.ApplicationManager$MyListener - Start search By.cssSelector: .fuel_consumption...
13:03:54.372 [Test worker] INFO  c.i.q.f.ApplicationManager$MyListener - By.cssSelector: .fuel_consumption found.
13:03:54.419 [Test worker] INFO  c.i.q.f.ApplicationManager$MyListener - Start search By.cssSelector: .fuel...
13:03:54.435 [Test worker] INFO  c.i.q.f.ApplicationManager$MyListener - By.cssSelector: .fuel found.
13:03:54.468 [Test worker] INFO  c.i.q.f.ApplicationManager$MyListener - Start search By.cssSelector: .fuel...
13:03:54.483 [Test worker] INFO  c.i.q.f.ApplicationManager$MyListener - By.cssSelector: .fuel found.
13:03:54.509 [Test worker] INFO  c.i.q.f.ApplicationManager$MyListener - Start search By.cssSelector: .fuel...
13:03:54.526 [Test worker] INFO  c.i.q.f.ApplicationManager$MyListener - By.cssSelector: .fuel found.
13:03:54.594 [Test worker] INFO  c.i.q.f.ApplicationManager$MyListener - Start search By.cssSelector: .transmition...
13:03:54.604 [Test worker] INFO  c.i.q.f.ApplicationManager$MyListener - By.cssSelector: .transmition found.
13:03:54.655 [Test worker] INFO  c.i.q.f.ApplicationManager$MyListener - Start search By.cssSelector: .transmition...
13:03:54.668 [Test worker] INFO  c.i.q.f.ApplicationManager$MyListener - By.cssSelector: .transmition found.
13:03:54.695 [Test worker] INFO  c.i.q.f.ApplicationManager$MyListener - Start search By.cssSelector: .transmition...
13:03:54.715 [Test worker] INFO  c.i.q.f.ApplicationManager$MyListener - By.cssSelector: .transmition found.
13:03:54.803 [Test worker] INFO  c.i.q.f.ApplicationManager$MyListener - Start search By.cssSelector: .wd...
13:03:54.823 [Test worker] INFO  c.i.q.f.ApplicationManager$MyListener - By.cssSelector: .wd found.
13:03:54.858 [Test worker] INFO  c.i.q.f.ApplicationManager$MyListener - Start search By.cssSelector: .wd...
13:03:54.871 [Test worker] INFO  c.i.q.f.ApplicationManager$MyListener - By.cssSelector: .wd found.
13:03:54.898 [Test worker] INFO  c.i.q.f.ApplicationManager$MyListener - Start search By.cssSelector: .wd...
13:03:54.914 [Test worker] INFO  c.i.q.f.ApplicationManager$MyListener - By.cssSelector: .wd found.
13:03:54.968 [Test worker] INFO  c.i.q.f.ApplicationManager$MyListener - Start search By.cssSelector: .horsepower...
13:03:54.977 [Test worker] INFO  c.i.q.f.ApplicationManager$MyListener - By.cssSelector: .horsepower found.
13:03:55.011 [Test worker] INFO  c.i.q.f.ApplicationManager$MyListener - Start search By.cssSelector: .horsepower...
13:03:55.034 [Test worker] INFO  c.i.q.f.ApplicationManager$MyListener - By.cssSelector: .horsepower found.
13:03:55.071 [Test worker] INFO  c.i.q.f.ApplicationManager$MyListener - Start search By.cssSelector: .horsepower...
13:03:55.086 [Test worker] INFO  c.i.q.f.ApplicationManager$MyListener - By.cssSelector: .horsepower found.
13:03:55.153 [Test worker] INFO  c.i.q.f.ApplicationManager$MyListener - Start search By.cssSelector: .torque...
13:03:55.166 [Test worker] INFO  c.i.q.f.ApplicationManager$MyListener - By.cssSelector: .torque found.
13:03:55.201 [Test worker] INFO  c.i.q.f.ApplicationManager$MyListener - Start search By.cssSelector: .torque...
13:03:55.215 [Test worker] INFO  c.i.q.f.ApplicationManager$MyListener - By.cssSelector: .torque found.
13:03:55.240 [Test worker] INFO  c.i.q.f.ApplicationManager$MyListener - Start search By.cssSelector: .torque...
13:03:55.272 [Test worker] INFO  c.i.q.f.ApplicationManager$MyListener - By.cssSelector: .torque found.
13:03:55.346 [Test worker] INFO  c.i.q.f.ApplicationManager$MyListener - Start search By.cssSelector: .doors...
13:03:55.355 [Test worker] INFO  c.i.q.f.ApplicationManager$MyListener - By.cssSelector: .doors found.
13:03:55.392 [Test worker] INFO  c.i.q.f.ApplicationManager$MyListener - Start search By.cssSelector: .doors...
13:03:55.401 [Test worker] INFO  c.i.q.f.ApplicationManager$MyListener - By.cssSelector: .doors found.
13:03:55.428 [Test worker] INFO  c.i.q.f.ApplicationManager$MyListener - Start search By.cssSelector: .doors...
13:03:55.460 [Test worker] INFO  c.i.q.f.ApplicationManager$MyListener - By.cssSelector: .doors found.
13:03:55.523 [Test worker] INFO  c.i.q.f.ApplicationManager$MyListener - Start search By.cssSelector: .seats...
13:03:55.542 [Test worker] INFO  c.i.q.f.ApplicationManager$MyListener - By.cssSelector: .seats found.
13:03:55.584 [Test worker] INFO  c.i.q.f.ApplicationManager$MyListener - Start search By.cssSelector: .seats...
13:03:55.606 [Test worker] INFO  c.i.q.f.ApplicationManager$MyListener - By.cssSelector: .seats found.
13:03:55.631 [Test worker] INFO  c.i.q.f.ApplicationManager$MyListener - Start search By.cssSelector: .seats...
13:03:55.665 [Test worker] INFO  c.i.q.f.ApplicationManager$MyListener - By.cssSelector: .seats found.
13:03:55.773 [Test worker] INFO  c.i.q.f.ApplicationManager$MyListener - Start search By.cssSelector: .class...
13:03:55.787 [Test worker] INFO  c.i.q.f.ApplicationManager$MyListener - By.cssSelector: .class found.
13:03:55.820 [Test worker] INFO  c.i.q.f.ApplicationManager$MyListener - Start search By.cssSelector: .class...
13:03:55.833 [Test worker] INFO  c.i.q.f.ApplicationManager$MyListener - By.cssSelector: .class found.
13:03:55.859 [Test worker] INFO  c.i.q.f.ApplicationManager$MyListener - Start search By.cssSelector: .class...
13:03:55.880 [Test worker] INFO  c.i.q.f.ApplicationManager$MyListener - By.cssSelector: .class found.
13:03:55.920 [Test worker] INFO  c.i.q.f.ApplicationManager$MyListener - Start search By.name: about...
13:03:55.955 [Test worker] INFO  c.i.q.f.ApplicationManager$MyListener - By.name: about found.
13:03:56.010 [Test worker] INFO  c.i.q.f.ApplicationManager$MyListener - Start search By.name: about...
13:03:56.025 [Test worker] INFO  c.i.q.f.ApplicationManager$MyListener - By.name: about found.
13:03:56.050 [Test worker] INFO  c.i.q.f.ApplicationManager$MyListener - Start search By.name: about...
13:03:56.059 [Test worker] INFO  c.i.q.f.ApplicationManager$MyListener - By.name: about found.
13:03:56.175 [Test worker] INFO  c.i.q.f.ApplicationManager$MyListener - Start search By.cssSelector: .type_feature...
13:03:56.184 [Test worker] INFO  c.i.q.f.ApplicationManager$MyListener - By.cssSelector: .type_feature found.
13:03:56.216 [Test worker] INFO  c.i.q.f.ApplicationManager$MyListener - Start search By.cssSelector: .type_feature...
13:03:56.229 [Test worker] INFO  c.i.q.f.ApplicationManager$MyListener - By.cssSelector: .type_feature found.
13:03:56.257 [Test worker] INFO  c.i.q.f.ApplicationManager$MyListener - Start search By.cssSelector: .type_feature...
13:03:56.277 [Test worker] INFO  c.i.q.f.ApplicationManager$MyListener - By.cssSelector: .type_feature found.
13:03:56.328 [Test worker] INFO  c.i.q.f.ApplicationManager$MyListener - Start search By.cssSelector: .price...
13:03:56.347 [Test worker] INFO  c.i.q.f.ApplicationManager$MyListener - By.cssSelector: .price found.
13:03:56.394 [Test worker] INFO  c.i.q.f.ApplicationManager$MyListener - Start search By.cssSelector: .price...
13:03:56.417 [Test worker] INFO  c.i.q.f.ApplicationManager$MyListener - By.cssSelector: .price found.
13:03:56.441 [Test worker] INFO  c.i.q.f.ApplicationManager$MyListener - Start search By.cssSelector: .price...
13:03:56.483 [Test worker] INFO  c.i.q.f.ApplicationManager$MyListener - By.cssSelector: .price found.
13:03:58.543 [Test worker] INFO  c.i.q.f.ApplicationManager$MyListener - Start search By.cssSelector: [type='submit']...
13:03:58.566 [Test worker] INFO  c.i.q.f.ApplicationManager$MyListener - By.cssSelector: [type='submit'] found.
13:03:58.614 [Test worker] INFO  com.ilcarro.qa.tests.TestBase - Passed: Test method testFormLetTheCarWorkFromCSV
13:03:58.614 [Test worker] INFO  com.ilcarro.qa.tests.TestBase - Stop test 
13:03:58.614 [Test worker] INFO  com.ilcarro.qa.tests.TestBase - ===============================================================================================
]]></system-out>
  <system-err><![CDATA[]]></system-err>
</testsuite>
