<?xml version="1.0" encoding="UTF-8"?>
<testsuite name="com.ilcarro.qa.tests.LoginTests" tests="1" skipped="0" failures="0" errors="0" timestamp="2020-11-05T11:03:26" hostname="DANIEL-PC" time="6.577">
  <properties/>
  <testcase name="loginRegisteredUserPositiveTest" classname="com.ilcarro.qa.tests.LoginTests" time="6.577"/>
  <system-out><![CDATA[13:03:16.598 [Test worker] INFO  com.ilcarro.qa.tests.TestBase - Start test loginRegisteredUserPositiveTest with data: []
13:03:16.598 [Test worker] INFO  c.i.q.f.ApplicationManager$MyListener - Start search By.cssSelector: .Login_login__right_block__1niYm...
13:03:21.671 [Test worker] INFO  c.i.q.f.ApplicationManager$MyListener - By.cssSelector: .Login_login__right_block__1niYm found.
13:03:21.671 [Test worker] INFO  c.i.q.f.ApplicationManager$MyListener - Start search By.xpath: //a[contains(., 'logOut')]...
13:03:26.733 [Test worker] INFO  c.i.q.f.ApplicationManager$MyListener - By.xpath: //a[contains(., 'logOut')] found.
13:03:26.733 [Test worker] INFO  c.i.q.f.ApplicationManager$MyListener - Start search By.cssSelector: [href='/login']...
13:03:26.752 [Test worker] INFO  c.i.q.f.ApplicationManager$MyListener - By.cssSelector: [href='/login'] found.
13:03:26.822 [Test worker] INFO  c.i.q.f.ApplicationManager$MyListener - Start search By.name: email...
13:03:26.842 [Test worker] INFO  c.i.q.f.ApplicationManager$MyListener - By.name: email found.
13:03:26.886 [Test worker] INFO  c.i.q.f.ApplicationManager$MyListener - Start search By.name: email...
13:03:26.896 [Test worker] INFO  c.i.q.f.ApplicationManager$MyListener - By.name: email found.
13:03:26.927 [Test worker] INFO  c.i.q.f.ApplicationManager$MyListener - Start search By.name: email...
13:03:26.944 [Test worker] INFO  c.i.q.f.ApplicationManager$MyListener - By.name: email found.
13:03:27.010 [Test worker] INFO  c.i.q.f.ApplicationManager$MyListener - Start search By.name: password...
13:03:27.023 [Test worker] INFO  c.i.q.f.ApplicationManager$MyListener - By.name: password found.
13:03:27.064 [Test worker] INFO  c.i.q.f.ApplicationManager$MyListener - Start search By.name: password...
13:03:27.099 [Test worker] INFO  c.i.q.f.ApplicationManager$MyListener - By.name: password found.
13:03:27.130 [Test worker] INFO  c.i.q.f.ApplicationManager$MyListener - Start search By.name: password...
13:03:27.146 [Test worker] INFO  c.i.q.f.ApplicationManager$MyListener - By.name: password found.
13:03:31.214 [Test worker] INFO  c.i.q.f.ApplicationManager$MyListener - Start search By.cssSelector: [type='submit']...
13:03:31.236 [Test worker] INFO  c.i.q.f.ApplicationManager$MyListener - By.cssSelector: [type='submit'] found.
13:03:33.282 [Test worker] INFO  c.i.q.f.ApplicationManager$MyListener - Start search By.xpath: //a[contains(., 'logOut')]...
13:03:33.305 [Test worker] INFO  c.i.q.f.ApplicationManager$MyListener - By.xpath: //a[contains(., 'logOut')] found.
13:03:33.310 [Test worker] INFO  com.ilcarro.qa.tests.TestBase - Passed: Test method loginRegisteredUserPositiveTest
13:03:33.311 [Test worker] INFO  com.ilcarro.qa.tests.TestBase - Stop test 
13:03:33.311 [Test worker] INFO  com.ilcarro.qa.tests.TestBase - ===============================================================================================
]]></system-out>
  <system-err><![CDATA[]]></system-err>
</testsuite>
